[3/18/2024 4:22:50 PM] System.IO.FileNotFoundException: D:\02.Study\01.C#\01_Winform\03_AppGDDP\Gddp\newApp\bin\Debug\img\nhc\congLao.jpg
   at System.Drawing.Image.FromFile(String filename, Boolean useEmbeddedColorManagement)
   at System.Drawing.Image.FromFile(String filename)
   at newApp.Form1.addImgVanDungCm(String StrNameImg) in D:\02.Study\01.C#\01_Winform\03_AppGDDP\Gddp\newApp\Form1.cs:line 947
   at newApp.Form1.lvVanDungQuesCm_DoubleClick(Object sender, EventArgs e) in D:\02.Study\01.C#\01_Winform\03_AppGDDP\Gddp\newApp\Form1.cs:line 925
[3/18/2024 4:22:54 PM] System.IO.FileNotFoundException: D:\02.Study\01.C#\01_Winform\03_AppGDDP\Gddp\newApp\bin\Debug\img\nhc\nvLs.jpg
   at System.Drawing.Image.FromFile(String filename, Boolean useEmbeddedColorManagement)
   at System.Drawing.Image.FromFile(String filename)
   at newApp.Form1.addImgVanDungCm(String StrNameImg) in D:\02.Study\01.C#\01_Winform\03_AppGDDP\Gddp\newApp\Form1.cs:line 947
   at newApp.Form1.lvVanDungQuesCm_DoubleClick(Object sender, EventArgs e) in D:\02.Study\01.C#\01_Winform\03_AppGDDP\Gddp\newApp\Form1.cs:line 932
[3/18/2024 4:23:02 PM] System.IO.FileNotFoundException: D:\02.Study\01.C#\01_Winform\03_AppGDDP\Gddp\newApp\bin\Debug\img\nhc\congLao.jpg
   at System.Drawing.Image.FromFile(String filename, Boolean useEmbeddedColorManagement)
   at System.Drawing.Image.FromFile(String filename)
   at newApp.Form1.addImgVanDungCm(String StrNameImg) in D:\02.Study\01.C#\01_Winform\03_AppGDDP\Gddp\newApp\Form1.cs:line 947
   at newApp.Form1.lvVanDungQuesCm_DoubleClick(Object sender, EventArgs e) in D:\02.Study\01.C#\01_Winform\03_AppGDDP\Gddp\newApp\Form1.cs:line 925
[3/18/2024 4:24:36 PM] System.IO.FileNotFoundException: D:\02.Study\01.C#\01_Winform\03_AppGDDP\Gddp\newApp\bin\Debug\img\nhc\nvLs.jpg
   at System.Drawing.Image.FromFile(String filename, Boolean useEmbeddedColorManagement)
   at System.Drawing.Image.FromFile(String filename)
   at newApp.Form1.addImgVanDungCm(String StrNameImg) in D:\02.Study\01.C#\01_Winform\03_AppGDDP\Gddp\newApp\Form1.cs:line 947
   at newApp.Form1.lvVanDungQuesCm_DoubleClick(Object sender, EventArgs e) in D:\02.Study\01.C#\01_Winform\03_AppGDDP\Gddp\newApp\Form1.cs:line 932
[3/18/2024 4:24:45 PM] System.IO.FileNotFoundException: D:\02.Study\01.C#\01_Winform\03_AppGDDP\Gddp\newApp\bin\Debug\img\nhc\nvLs.jpg
   at System.Drawing.Image.FromFile(String filename, Boolean useEmbeddedColorManagement)
   at System.Drawing.Image.FromFile(String filename)
   at newApp.Form1.addImgVanDungCm(String StrNameImg) in D:\02.Study\01.C#\01_Winform\03_AppGDDP\Gddp\newApp\Form1.cs:line 947
   at newApp.Form1.lvVanDungQuesCm_DoubleClick(Object sender, EventArgs e) in D:\02.Study\01.C#\01_Winform\03_AppGDDP\Gddp\newApp\Form1.cs:line 932
[3/18/2024 4:26:18 PM] System.IO.FileNotFoundException: D:\02.Study\01.C#\01_Winform\03_AppGDDP\Gddp\newApp\bin\Debug\img\nhc\nvLs.jpg
   at System.Drawing.Image.FromFile(String filename, Boolean useEmbeddedColorManagement)
   at System.Drawing.Image.FromFile(String filename)
   at newApp.Form1.addImgVanDungCm(String StrNameImg) in D:\02.Study\01.C#\01_Winform\03_AppGDDP\Gddp\newApp\Form1.cs:line 949
   at newApp.Form1.lvVanDungQuesCm_DoubleClick(Object sender, EventArgs e) in D:\02.Study\01.C#\01_Winform\03_AppGDDP\Gddp\newApp\Form1.cs:line 934
[3/18/2024 4:37:21 PM] System.IO.FileNotFoundException: D:\02.Study\01.C#\01_Winform\03_AppGDDP\Gddp\newApp\bin\Debug\img\nhc\nvLs.jpg
   at System.Drawing.Image.FromFile(String filename, Boolean useEmbeddedColorManagement)
   at System.Drawing.Image.FromFile(String filename)
   at newApp.Form1.addImgVanDungCm(String StrNameImg) in D:\02.Study\01.C#\01_Winform\03_AppGDDP\Gddp\newApp\Form1.cs:line 951
   at newApp.Form1.lvVanDungQuesCm_DoubleClick(Object sender, EventArgs e) in D:\02.Study\01.C#\01_Winform\03_AppGDDP\Gddp\newApp\Form1.cs:line 936
[3/18/2024 5:00:19 PM] System.IO.FileNotFoundException: D:\02.Study\01.C#\01_Winform\03_AppGDDP\Gddp\newApp\bin\Debug\img\nhc\nvLs.jpg
   at System.Drawing.Image.FromFile(String filename, Boolean useEmbeddedColorManagement)
   at System.Drawing.Image.FromFile(String filename)
   at newApp.Form1.addImgVanDungCm(String StrNameImg) in D:\02.Study\01.C#\01_Winform\03_AppGDDP\Gddp\newApp\Form1.cs:line 952
   at newApp.Form1.lvVanDungQuesCm_DoubleClick(Object sender, EventArgs e) in D:\02.Study\01.C#\01_Winform\03_AppGDDP\Gddp\newApp\Form1.cs:line 937
[3/18/2024 5:03:01 PM] System.IO.FileNotFoundException: D:\02.Study\01.C#\01_Winform\03_AppGDDP\Gddp\newApp\bin\Debug\img\nhc\nvLs.jpg
   at System.Drawing.Image.FromFile(String filename, Boolean useEmbeddedColorManagement)
   at System.Drawing.Image.FromFile(String filename)
   at newApp.Form1.addImgVanDungCm(String StrNameImg) in D:\02.Study\01.C#\01_Winform\03_AppGDDP\Gddp\newApp\Form1.cs:line 952
   at newApp.Form1.lvVanDungQuesCm_DoubleClick(Object sender, EventArgs e) in D:\02.Study\01.C#\01_Winform\03_AppGDDP\Gddp\newApp\Form1.cs:line 937
[3/18/2024 5:03:06 PM] System.IO.FileNotFoundException: D:\02.Study\01.C#\01_Winform\03_AppGDDP\Gddp\newApp\bin\Debug\img\nhc\nvLs.jpg
   at System.Drawing.Image.FromFile(String filename, Boolean useEmbeddedColorManagement)
   at System.Drawing.Image.FromFile(String filename)
   at newApp.Form1.addImgVanDungCm(String StrNameImg) in D:\02.Study\01.C#\01_Winform\03_AppGDDP\Gddp\newApp\Form1.cs:line 952
   at newApp.Form1.lvVanDungQuesCm_DoubleClick(Object sender, EventArgs e) in D:\02.Study\01.C#\01_Winform\03_AppGDDP\Gddp\newApp\Form1.cs:line 937
[3/18/2024 10:23:11 PM] System.IO.DirectoryNotFoundException: Could not find a part of the path 'D:\02.Study\01.C#\000_Media\bai2'.
   at System.IO.__Error.WinIOError(Int32 errorCode, String maybeFullPath)
   at System.IO.FileSystemEnumerableIterator`1.CommonInit()
   at System.IO.FileSystemEnumerableIterator`1..ctor(String path, String originalUserPath, String searchPattern, SearchOption searchOption, SearchResultHandler`1 resultHandler, Boolean checkHost)
   at System.IO.Directory.GetFiles(String path)
   at newApp.Form1.kdLoad(String baiSo, String sectionVideo, String cap) in D:\02_Code\03_c#\00_AppGd\Gddp V1\V2\Gddp\newApp\Form1.cs:line 91
   at newApp.Form1.btKD_Click(Object sender, EventArgs e) in D:\02_Code\03_c#\00_AppGd\Gddp V1\V2\Gddp\newApp\Form1.cs:line 48
[3/18/2024 10:23:27 PM] System.IO.DirectoryNotFoundException: Could not find a part of the path 'D:\02.Study\01.C#\000_Media\bai2'.
   at System.IO.__Error.WinIOError(Int32 errorCode, String maybeFullPath)
   at System.IO.FileSystemEnumerableIterator`1.CommonInit()
   at System.IO.FileSystemEnumerableIterator`1..ctor(String path, String originalUserPath, String searchPattern, SearchOption searchOption, SearchResultHandler`1 resultHandler, Boolean checkHost)
   at System.IO.Directory.GetFiles(String path)
   at newApp.Form1.kdLoad(String baiSo, String sectionVideo, String cap) in D:\02_Code\03_c#\00_AppGd\Gddp V1\V2\Gddp\newApp\Form1.cs:line 91
   at newApp.Form1.btKD_Click(Object sender, EventArgs e) in D:\02_Code\03_c#\00_AppGd\Gddp V1\V2\Gddp\newApp\Form1.cs:line 48
[3/18/2024 10:27:09 PM] System.IO.DirectoryNotFoundException: Could not find a part of the path 'D:\02.Study\01.C#\000_Media\bai3'.
   at System.IO.__Error.WinIOError(Int32 errorCode, String maybeFullPath)
   at System.IO.FileSystemEnumerableIterator`1.CommonInit()
   at System.IO.FileSystemEnumerableIterator`1..ctor(String path, String originalUserPath, String searchPattern, SearchOption searchOption, SearchResultHandler`1 resultHandler, Boolean checkHost)
   at System.IO.Directory.GetFiles(String path)
   at newApp.Form1.kdLoad(String baiSo, String sectionVideo, String cap) in D:\02_Code\03_c#\00_AppGd\Gddp V1\V2\Gddp\newApp\Form1.cs:line 91
   at newApp.Form1.btKD_Click(Object sender, EventArgs e) in D:\02_Code\03_c#\00_AppGd\Gddp V1\V2\Gddp\newApp\Form1.cs:line 53
[3/18/2024 10:27:16 PM] System.IO.DirectoryNotFoundException: Could not find a part of the path 'D:\02.Study\01.C#\000_Media\bai3'.
   at System.IO.__Error.WinIOError(Int32 errorCode, String maybeFullPath)
   at System.IO.FileSystemEnumerableIterator`1.CommonInit()
   at System.IO.FileSystemEnumerableIterator`1..ctor(String path, String originalUserPath, String searchPattern, SearchOption searchOption, SearchResultHandler`1 resultHandler, Boolean checkHost)
   at System.IO.Directory.GetFiles(String path)
   at newApp.Form1.kdLoad(String baiSo, String sectionVideo, String cap) in D:\02_Code\03_c#\00_AppGd\Gddp V1\V2\Gddp\newApp\Form1.cs:line 91
   at newApp.Form1.btKD_Click(Object sender, EventArgs e) in D:\02_Code\03_c#\00_AppGd\Gddp V1\V2\Gddp\newApp\Form1.cs:line 53
[3/18/2024 10:27:57 PM] System.IO.DirectoryNotFoundException: Could not find a part of the path 'D:\02.Study\01.C#\000_Media\bai3'.
   at System.IO.__Error.WinIOError(Int32 errorCode, String maybeFullPath)
   at System.IO.FileSystemEnumerableIterator`1.CommonInit()
   at System.IO.FileSystemEnumerableIterator`1..ctor(String path, String originalUserPath, String searchPattern, SearchOption searchOption, SearchResultHandler`1 resultHandler, Boolean checkHost)
   at System.IO.Directory.GetFiles(String path)
   at newApp.Form1.kdLoad(String baiSo, String sectionVideo, String cap) in D:\02_Code\03_c#\00_AppGd\Gddp V1\V2\Gddp\newApp\Form1.cs:line 91
   at newApp.Form1.btKD_Click(Object sender, EventArgs e) in D:\02_Code\03_c#\00_AppGd\Gddp V1\V2\Gddp\newApp\Form1.cs:line 53
